Arguments: 
  C:\Program Files\nodejs\node.exe C:\Users\Ashar Sarwar\AppData\Roaming\npm\node_modules\yarn\bin\yarn.js add react-toastify@4.1.0

PATH: 
  C:\Program Files\Docker\Docker\Resources\bin;C:\WINDOWS\system32;C:\WINDOWS;C:\WINDOWS\System32\Wbem;C:\WINDOWS\System32\WindowsPowerShell\v1.0\;C:\Program Files\Git\cmd;C:\MinGW\bin;C:\WINDOWS\System32\OpenSSH\;C:\Program Files\TortoiseSVN\bin;C:\Program Files (x86)\Brackets\command;C:\Program Files\nodejs\;C:\Users\Ashar Sarwar\Desktop\Java\Java\jdk-9.0.4\bin;C:\Users\Ashar Server\AppData\Roaming\npm;C:\Users\Ashar Sarwar\AppData\Local\Microsoft\WindowsApps;C:\Program Files\Heroku\bin;C:\Program Files\Microsoft VS Code\bin;C:\Users\Ashar Sarwar\AppData\Roaming\npm;C:\Users\Ashar Sarwar\Desktop\Java\Java\jdk-9.0.4\bin;C:\Program Files\Git\bin;

Yarn version: 
  1.13.0

Node version: 
  10.15.0

Platform: 
  win32 x64

Trace: 
  Error: EPERM: operation not permitted, unlink 'D:\React\Mosh\http-app\node_modules\amdefine\README.md'

npm manifest: 
  {
    "name": "http-app",
    "version": "0.1.0",
    "private": true,
    "dependencies": {
      "axios": "^0.18.0",
      "bootstrap": "^4.1.2",
      "react": "^16.4.1",
      "react-dom": "^16.4.1",
      "react-scripts": "1.1.4"
    },
    "scripts": {
      "start": "react-scripts start",
      "build": "react-scripts build",
      "test": "react-scripts test --env=jsdom",
      "eject": "react-scripts eject"
    }
  }

yarn manifest: 
  No manifest

Lockfile: 
  No lockfile
